<?xml version="1.0" encoding="UTF-8"?>
<!-- Generated by org.testng.reporters.JUnitReportReporter -->
<testsuite hostname="LAPTOP-EEAS1CV9" failures="0" tests="2" name="testng_basics.Working_With_Testng_Attribute" time="8.627" errors="0" timestamp="2023-06-02T10:03:31 IST" skipped="1">
  <testcase classname="testng_basics.Working_With_Testng_Attribute" name="searchText" time="8.627"/>
  <system-out/>
  <testcase classname="testng_basics.Working_With_Testng_Attribute" name="subscribe">
    <skipped/>
  </testcase> <!-- subscribe -->
  <system-out/>
</testsuite> <!-- testng_basics.Working_With_Testng_Attribute -->
