<?xml version="1.0" encoding="UTF-8"?>
<!-- Generated by org.testng.reporters.JUnitReportReporter -->
<testsuite hostname="LAPTOP-EEAS1CV9" failures="0" tests="3" name="testng_basics.Working_with_DataProvider" time="26.245" errors="0" timestamp="2023-06-05T11:59:55 IST" skipped="0">
  <testcase classname="testng_basics.Working_with_DataProvider" name="demotest" time="12.255"/>
  <system-out/>
  <testcase classname="testng_basics.Working_with_DataProvider" name="demotest" time="6.489"/>
  <system-out/>
  <testcase classname="testng_basics.Working_with_DataProvider" name="demotest" time="7.501"/>
  <system-out/>
</testsuite> <!-- testng_basics.Working_with_DataProvider -->
