<?xml version="1.0" encoding="UTF-8"?>
<!-- Generated by org.testng.reporters.JUnitReportReporter -->
<testsuite hostname="LAPTOP-EEAS1CV9" failures="0" tests="1" name="testng_basics.LearningHardAssert" time="7.394" errors="0" timestamp="2023-06-12T11:19:06 IST" skipped="0">
  <testcase classname="testng_basics.LearningHardAssert" name="assertpractice" time="7.394"/>
  <system-out/>
</testsuite> <!-- testng_basics.LearningHardAssert -->
