<?xml version="1.0" encoding="UTF-8"?>
<!-- Generated by org.testng.reporters.JUnitReportReporter -->
<testsuite hostname="LAPTOP-EEAS1CV9" failures="0" tests="3" name="testcases.Working_With_LoginTest" time="15.717" errors="0" timestamp="2023-06-09T12:59:00 IST" skipped="0">
  <testcase classname="testcases.Working_With_LoginTest" name="Login" time="5.502"/>
  <system-out/>
  <testcase classname="testcases.Working_With_LoginTest" name="Login" time="5.120"/>
  <system-out/>
  <testcase classname="testcases.Working_With_LoginTest" name="Login" time="5.095"/>
  <system-out/>
</testsuite> <!-- testcases.Working_With_LoginTest -->
