<?xml version="1.0" encoding="UTF-8"?>
<!-- Generated by org.testng.reporters.JUnitReportReporter -->
<testsuite hostname="LAPTOP-EEAS1CV9" failures="0" tests="2" name="testng_basics.Working_With_Testng_Attribute2" time="14.065" errors="0" timestamp="2023-06-02T10:03:31 IST" skipped="0">
  <testcase classname="testng_basics.Working_With_Testng_Attribute2" name="register" time="7.370"/>
  <system-out/>
  <testcase classname="testng_basics.Working_With_Testng_Attribute2" name="loginTest" time="6.695"/>
  <system-out/>
</testsuite> <!-- testng_basics.Working_With_Testng_Attribute2 -->
