<?xml version="1.0" encoding="UTF-8"?>
<!-- Generated by org.testng.reporters.JUnitReportReporter -->
<testsuite hostname="LAPTOP-EEAS1CV9" failures="0" tests="2" name="testng_basics.Working_with_testng" time="0.012" errors="0" timestamp="2023-05-30T11:56:14 IST" skipped="0">
  <testcase classname="testng_basics.Working_with_testng" name="m1" time="0.010"/>
  <system-out/>
  <testcase classname="testng_basics.Working_with_testng" name="m2" time="0.002"/>
  <system-out/>
</testsuite> <!-- testng_basics.Working_with_testng -->
