<?xml version="1.0" encoding="UTF-8"?>
<!-- Generated by org.testng.reporters.JUnitReportReporter -->
<testsuite hostname="LAPTOP-EEAS1CV9" failures="0" tests="1" name="testng_basics.LearningSoftAssert" time="7.770" errors="0" timestamp="2023-06-12T11:35:27 IST" skipped="0">
  <testcase classname="testng_basics.LearningSoftAssert" name="softAssert" time="7.770"/>
  <system-out/>
</testsuite> <!-- testng_basics.LearningSoftAssert -->
