<?xml version="1.0" encoding="UTF-8"?>
<!-- Generated by org.testng.reporters.JUnitReportReporter -->
<testsuite hostname="LAPTOP-EEAS1CV9" failures="0" tests="3" name="testcases.Working_With_Testng_Attribute" time="16.221" errors="0" timestamp="2023-06-01T11:04:04 IST" skipped="0">
  <testcase classname="testcases.Working_With_Testng_Attribute" name="register" time="6.220"/>
  <system-out/>
  <testcase classname="testcases.Working_With_Testng_Attribute" name="loginTest" time="5.368"/>
  <system-out/>
  <testcase classname="testcases.Working_With_Testng_Attribute" name="searchText" time="4.633"/>
  <system-out/>
</testsuite> <!-- testcases.Working_With_Testng_Attribute -->
