<?xml version="1.0" encoding="UTF-8"?>
<!-- Generated by org.testng.reporters.JUnitReportReporter -->
<testsuite hostname="LAPTOP-EEAS1CV9" failures="0" tests="1" name="Assignment.Demo" time="0.011" errors="0" timestamp="2023-05-30T10:49:50 IST" skipped="0">
  <testcase classname="Assignment.Demo" name="m1" time="0.011"/>
  <system-out/>
</testsuite> <!-- Assignment.Demo -->
