<?xml version="1.0" encoding="UTF-8"?>
<!-- Generated by org.testng.reporters.JUnitReportReporter -->
<testsuite hostname="LAPTOP-EEAS1CV9" failures="0" tests="2" name="testng_basics.Working_with_Test_configuration" time="0.013" errors="0" timestamp="2023-06-02T10:15:28 IST" skipped="0">
  <testcase classname="testng_basics.Working_with_Test_configuration" name="Demo" time="0.010"/>
  <system-out/>
  <testcase classname="testng_basics.Working_with_Test_configuration" name="Demo1" time="0.003"/>
  <system-out/>
</testsuite> <!-- testng_basics.Working_with_Test_configuration -->
