<?xml version="1.0" encoding="UTF-8"?>
<!-- Generated by org.testng.reporters.JUnitReportReporter -->
<testsuite hostname="LAPTOP-EEAS1CV9" failures="0" tests="10" name="testcases.Working_with_Invocation_count" time="195.462" errors="0" timestamp="2023-06-01T11:01:39 IST" skipped="0">
  <testcase classname="testcases.Working_with_Invocation_count" name="searchText" time="18.144"/>
  <system-out/>
  <testcase classname="testcases.Working_with_Invocation_count" name="searchText" time="19.165"/>
  <system-out/>
  <testcase classname="testcases.Working_with_Invocation_count" name="searchText" time="18.681"/>
  <system-out/>
  <testcase classname="testcases.Working_with_Invocation_count" name="searchText" time="18.878"/>
  <system-out/>
  <testcase classname="testcases.Working_with_Invocation_count" name="searchText" time="21.123"/>
  <system-out/>
  <testcase classname="testcases.Working_with_Invocation_count" name="searchText" time="20.301"/>
  <system-out/>
  <testcase classname="testcases.Working_with_Invocation_count" name="searchText" time="19.936"/>
  <system-out/>
  <testcase classname="testcases.Working_with_Invocation_count" name="searchText" time="20.762"/>
  <system-out/>
  <testcase classname="testcases.Working_with_Invocation_count" name="searchText" time="18.499"/>
  <system-out/>
  <testcase classname="testcases.Working_with_Invocation_count" name="searchText" time="19.973"/>
  <system-out/>
</testsuite> <!-- testcases.Working_with_Invocation_count -->
